2023-10-24 18:05:55 [main] INFO  com.microservices.demo.Main - Starting Main using Java 17.0.8 on KUBRA-FELEK with PID 4972 (C:\microservices-demo\twitter-kafka-microservice\target\classes started by kfelek in C:\microservices-demo)
2023-10-24 18:05:55 [main] INFO  com.microservices.demo.Main - No active profile set, falling back to 1 default profile: "default"
2023-10-24 18:05:55 [main] WARN  o.s.c.a.AnnotationConfigApplicationContext - Exception encountered during context initialization - cancelling refresh attempt: org.springframework.beans.factory.BeanDefinitionStoreException: Failed to read candidate component class: file [C:\microservices-demo\twitter-kafka-microservice\target\classes\org\example\runner\impl\TwitterV2KafkaStreamRunner.class]; nested exception is java.lang.IllegalStateException: Error processing condition on impl.runner.com.microservices.demo.TwitterV2KafkaStreamRunner
2023-10-24 18:05:55 [main] ERROR o.s.boot.SpringApplication - Application run failed
org.springframework.beans.factory.BeanDefinitionStoreException: Failed to read candidate component class: file [C:\microservices-demo\twitter-kafka-microservice\target\classes\org\example\runner\impl\TwitterV2KafkaStreamRunner.class]; nested exception is java.lang.IllegalStateException: Error processing condition on impl.runner.com.microservices.demo.TwitterV2KafkaStreamRunner
	at org.springframework.context.annotation.ClassPathScanningCandidateComponentProvider.scanCandidateComponents(ClassPathScanningCandidateComponentProvider.java:457)
	at org.springframework.context.annotation.ClassPathScanningCandidateComponentProvider.findCandidateComponents(ClassPathScanningCandidateComponentProvider.java:316)
	at org.springframework.context.annotation.ClassPathBeanDefinitionScanner.doScan(ClassPathBeanDefinitionScanner.java:276)
	at org.springframework.context.annotation.ComponentScanAnnotationParser.parse(ComponentScanAnnotationParser.java:128)
	at org.springframework.context.annotation.ConfigurationClassParser.doProcessConfigurationClass(ConfigurationClassParser.java:295)
	at org.springframework.context.annotation.ConfigurationClassParser.processConfigurationClass(ConfigurationClassParser.java:249)
	at org.springframework.context.annotation.ConfigurationClassParser.parse(ConfigurationClassParser.java:206)
	at org.springframework.context.annotation.ConfigurationClassParser.parse(ConfigurationClassParser.java:174)
	at org.springframework.context.annotation.ConfigurationClassPostProcessor.processConfigBeanDefinitions(ConfigurationClassPostProcessor.java:331)
	at org.springframework.context.annotation.ConfigurationClassPostProcessor.postProcessBeanDefinitionRegistry(ConfigurationClassPostProcessor.java:247)
	at org.springframework.context.support.PostProcessorRegistrationDelegate.invokeBeanDefinitionRegistryPostProcessors(PostProcessorRegistrationDelegate.java:311)
	at org.springframework.context.support.PostProcessorRegistrationDelegate.invokeBeanFactoryPostProcessors(PostProcessorRegistrationDelegate.java:112)
	at org.springframework.context.support.AbstractApplicationContext.invokeBeanFactoryPostProcessors(AbstractApplicationContext.java:748)
	at org.springframework.context.support.AbstractApplicationContext.refresh(AbstractApplicationContext.java:564)
	at org.springframework.boot.SpringApplication.refresh(SpringApplication.java:731)
	at org.springframework.boot.SpringApplication.refreshContext(SpringApplication.java:408)
	at org.springframework.boot.SpringApplication.run(SpringApplication.java:307)
	at org.springframework.boot.SpringApplication.run(SpringApplication.java:1303)
	at org.springframework.boot.SpringApplication.run(SpringApplication.java:1292)
	at com.microservices.demo.Main.main(Main.java:29)
Caused by: java.lang.IllegalStateException: Error processing condition on impl.runner.com.microservices.demo.TwitterV2KafkaStreamRunner
	at org.springframework.boot.autoconfigure.condition.SpringBootCondition.matches(SpringBootCondition.java:60)
	at org.springframework.context.annotation.ConditionEvaluator.shouldSkip(ConditionEvaluator.java:108)
	at org.springframework.context.annotation.ConditionEvaluator.shouldSkip(ConditionEvaluator.java:88)
	at org.springframework.context.annotation.ConditionEvaluator.shouldSkip(ConditionEvaluator.java:71)
	at org.springframework.context.annotation.ClassPathScanningCandidateComponentProvider.isConditionMatch(ClassPathScanningCandidateComponentProvider.java:512)
	at org.springframework.context.annotation.ClassPathScanningCandidateComponentProvider.isCandidateComponent(ClassPathScanningCandidateComponentProvider.java:495)
	at org.springframework.context.annotation.ClassPathScanningCandidateComponentProvider.scanCandidateComponents(ClassPathScanningCandidateComponentProvider.java:430)
	... 19 common frames omitted
Caused by: org.springframework.beans.factory.BeanExpressionException: Expression parsing failed; nested exception is org.springframework.expression.spel.SpelParseException: Expression [${twitter-to-kafka-service.enable-v2-tweets} && not ${twitter-to-kafka-service.enable-mock-tweets}] @1: EL1041E: After parsing a valid expression, there is still more data in the expression: 'lcurly({)'
	at org.springframework.context.expression.StandardBeanExpressionResolver.evaluate(StandardBeanExpressionResolver.java:170)
	at org.springframework.boot.autoconfigure.condition.OnExpressionCondition.evaluateExpression(OnExpressionCondition.java:60)
	at org.springframework.boot.autoconfigure.condition.OnExpressionCondition.getMatchOutcome(OnExpressionCondition.java:48)
	at org.springframework.boot.autoconfigure.condition.SpringBootCondition.matches(SpringBootCondition.java:47)
	... 25 common frames omitted
Caused by: org.springframework.expression.spel.SpelParseException: Expression [${twitter-to-kafka-service.enable-v2-tweets} && not ${twitter-to-kafka-service.enable-mock-tweets}] @1: EL1041E: After parsing a valid expression, there is still more data in the expression: 'lcurly({)'
	at org.springframework.expression.spel.standard.InternalSpelExpressionParser.doParseExpression(InternalSpelExpressionParser.java:144)
	at org.springframework.expression.spel.standard.SpelExpressionParser.doParseExpression(SpelExpressionParser.java:63)
	at org.springframework.expression.spel.standard.SpelExpressionParser.doParseExpression(SpelExpressionParser.java:34)
	at org.springframework.expression.common.TemplateAwareExpressionParser.parseExpressions(TemplateAwareExpressionParser.java:125)
	at org.springframework.expression.common.TemplateAwareExpressionParser.parseTemplate(TemplateAwareExpressionParser.java:66)
	at org.springframework.expression.common.TemplateAwareExpressionParser.parseExpression(TemplateAwareExpressionParser.java:52)
	at org.springframework.context.expression.StandardBeanExpressionResolver.evaluate(StandardBeanExpressionResolver.java:148)
	... 28 common frames omitted
2023-10-24 18:19:34 [main] INFO  com.microservices.demo.Main - Starting Main using Java 17.0.8 on KUBRA-FELEK with PID 34396 (C:\microservices-demo\twitter-kafka-microservice\target\classes started by kfelek in C:\microservices-demo)
2023-10-24 18:19:34 [main] INFO  com.microservices.demo.Main - No active profile set, falling back to 1 default profile: "default"
2023-10-24 18:19:34 [main] WARN  o.s.c.a.AnnotationConfigApplicationContext - Exception encountered during context initialization - cancelling refresh attempt: org.springframework.beans.factory.BeanDefinitionStoreException: Failed to read candidate component class: file [C:\microservices-demo\twitter-kafka-microservice\target\classes\org\example\runner\impl\TwitterKafkaStreamRunner.class]; nested exception is java.lang.IllegalStateException: Error processing condition on impl.runner.com.microservices.demo.TwitterKafkaStreamRunner
2023-10-24 18:19:34 [main] ERROR o.s.boot.SpringApplication - Application run failed
org.springframework.beans.factory.BeanDefinitionStoreException: Failed to read candidate component class: file [C:\microservices-demo\twitter-kafka-microservice\target\classes\org\example\runner\impl\TwitterKafkaStreamRunner.class]; nested exception is java.lang.IllegalStateException: Error processing condition on impl.runner.com.microservices.demo.TwitterKafkaStreamRunner
	at org.springframework.context.annotation.ClassPathScanningCandidateComponentProvider.scanCandidateComponents(ClassPathScanningCandidateComponentProvider.java:457)
	at org.springframework.context.annotation.ClassPathScanningCandidateComponentProvider.findCandidateComponents(ClassPathScanningCandidateComponentProvider.java:316)
	at org.springframework.context.annotation.ClassPathBeanDefinitionScanner.doScan(ClassPathBeanDefinitionScanner.java:276)
	at org.springframework.context.annotation.ComponentScanAnnotationParser.parse(ComponentScanAnnotationParser.java:128)
	at org.springframework.context.annotation.ConfigurationClassParser.doProcessConfigurationClass(ConfigurationClassParser.java:295)
	at org.springframework.context.annotation.ConfigurationClassParser.processConfigurationClass(ConfigurationClassParser.java:249)
	at org.springframework.context.annotation.ConfigurationClassParser.parse(ConfigurationClassParser.java:206)
	at org.springframework.context.annotation.ConfigurationClassParser.parse(ConfigurationClassParser.java:174)
	at org.springframework.context.annotation.ConfigurationClassPostProcessor.processConfigBeanDefinitions(ConfigurationClassPostProcessor.java:331)
	at org.springframework.context.annotation.ConfigurationClassPostProcessor.postProcessBeanDefinitionRegistry(ConfigurationClassPostProcessor.java:247)
	at org.springframework.context.support.PostProcessorRegistrationDelegate.invokeBeanDefinitionRegistryPostProcessors(PostProcessorRegistrationDelegate.java:311)
	at org.springframework.context.support.PostProcessorRegistrationDelegate.invokeBeanFactoryPostProcessors(PostProcessorRegistrationDelegate.java:112)
	at org.springframework.context.support.AbstractApplicationContext.invokeBeanFactoryPostProcessors(AbstractApplicationContext.java:748)
	at org.springframework.context.support.AbstractApplicationContext.refresh(AbstractApplicationContext.java:564)
	at org.springframework.boot.SpringApplication.refresh(SpringApplication.java:731)
	at org.springframework.boot.SpringApplication.refreshContext(SpringApplication.java:408)
	at org.springframework.boot.SpringApplication.run(SpringApplication.java:307)
	at org.springframework.boot.SpringApplication.run(SpringApplication.java:1303)
	at org.springframework.boot.SpringApplication.run(SpringApplication.java:1292)
	at com.microservices.demo.Main.main(Main.java:30)
Caused by: java.lang.IllegalStateException: Error processing condition on impl.runner.com.microservices.demo.TwitterKafkaStreamRunner
	at org.springframework.boot.autoconfigure.condition.SpringBootCondition.matches(SpringBootCondition.java:60)
	at org.springframework.context.annotation.ConditionEvaluator.shouldSkip(ConditionEvaluator.java:108)
	at org.springframework.context.annotation.ConditionEvaluator.shouldSkip(ConditionEvaluator.java:88)
	at org.springframework.context.annotation.ConditionEvaluator.shouldSkip(ConditionEvaluator.java:71)
	at org.springframework.context.annotation.ClassPathScanningCandidateComponentProvider.isConditionMatch(ClassPathScanningCandidateComponentProvider.java:512)
	at org.springframework.context.annotation.ClassPathScanningCandidateComponentProvider.isCandidateComponent(ClassPathScanningCandidateComponentProvider.java:495)
	at org.springframework.context.annotation.ClassPathScanningCandidateComponentProvider.scanCandidateComponents(ClassPathScanningCandidateComponentProvider.java:430)
	... 19 common frames omitted
Caused by: org.springframework.beans.factory.BeanExpressionException: Expression parsing failed; nested exception is org.springframework.expression.spel.SpelParseException: Expression [${twitter-to-kafka-service.enable-mock-tweets} && not ${twitter-to-kafka-service.enable-v2-tweets}] @1: EL1041E: After parsing a valid expression, there is still more data in the expression: 'lcurly({)'
	at org.springframework.context.expression.StandardBeanExpressionResolver.evaluate(StandardBeanExpressionResolver.java:170)
	at org.springframework.boot.autoconfigure.condition.OnExpressionCondition.evaluateExpression(OnExpressionCondition.java:60)
	at org.springframework.boot.autoconfigure.condition.OnExpressionCondition.getMatchOutcome(OnExpressionCondition.java:48)
	at org.springframework.boot.autoconfigure.condition.SpringBootCondition.matches(SpringBootCondition.java:47)
	... 25 common frames omitted
Caused by: org.springframework.expression.spel.SpelParseException: Expression [${twitter-to-kafka-service.enable-mock-tweets} && not ${twitter-to-kafka-service.enable-v2-tweets}] @1: EL1041E: After parsing a valid expression, there is still more data in the expression: 'lcurly({)'
	at org.springframework.expression.spel.standard.InternalSpelExpressionParser.doParseExpression(InternalSpelExpressionParser.java:144)
	at org.springframework.expression.spel.standard.SpelExpressionParser.doParseExpression(SpelExpressionParser.java:63)
	at org.springframework.expression.spel.standard.SpelExpressionParser.doParseExpression(SpelExpressionParser.java:34)
	at org.springframework.expression.common.TemplateAwareExpressionParser.parseExpressions(TemplateAwareExpressionParser.java:125)
	at org.springframework.expression.common.TemplateAwareExpressionParser.parseTemplate(TemplateAwareExpressionParser.java:66)
	at org.springframework.expression.common.TemplateAwareExpressionParser.parseExpression(TemplateAwareExpressionParser.java:52)
	at org.springframework.context.expression.StandardBeanExpressionResolver.evaluate(StandardBeanExpressionResolver.java:148)
	... 28 common frames omitted
2023-10-24 18:41:39 [main] INFO  com.microservices.demo.Main - Starting Main using Java 17.0.8 on KUBRA-FELEK with PID 15160 (C:\microservices-demo\twitter-kafka-microservice\target\classes started by kfelek in C:\microservices-demo)
2023-10-24 18:41:39 [main] INFO  com.microservices.demo.Main - No active profile set, falling back to 1 default profile: "default"
2023-10-24 18:41:39 [main] WARN  o.s.c.a.AnnotationConfigApplicationContext - Exception encountered during context initialization - cancelling refresh attempt: org.springframework.beans.factory.BeanDefinitionStoreException: Failed to read candidate component class: file [C:\microservices-demo\twitter-kafka-microservice\target\classes\org\example\runner\impl\TwitterKafkaStreamRunner.class]; nested exception is java.lang.IllegalStateException: Error processing condition on impl.runner.com.microservices.demo.TwitterKafkaStreamRunner
2023-10-24 18:41:39 [main] ERROR o.s.boot.SpringApplication - Application run failed
org.springframework.beans.factory.BeanDefinitionStoreException: Failed to read candidate component class: file [C:\microservices-demo\twitter-kafka-microservice\target\classes\org\example\runner\impl\TwitterKafkaStreamRunner.class]; nested exception is java.lang.IllegalStateException: Error processing condition on impl.runner.com.microservices.demo.TwitterKafkaStreamRunner
	at org.springframework.context.annotation.ClassPathScanningCandidateComponentProvider.scanCandidateComponents(ClassPathScanningCandidateComponentProvider.java:457)
	at org.springframework.context.annotation.ClassPathScanningCandidateComponentProvider.findCandidateComponents(ClassPathScanningCandidateComponentProvider.java:316)
	at org.springframework.context.annotation.ClassPathBeanDefinitionScanner.doScan(ClassPathBeanDefinitionScanner.java:276)
	at org.springframework.context.annotation.ComponentScanAnnotationParser.parse(ComponentScanAnnotationParser.java:128)
	at org.springframework.context.annotation.ConfigurationClassParser.doProcessConfigurationClass(ConfigurationClassParser.java:295)
	at org.springframework.context.annotation.ConfigurationClassParser.processConfigurationClass(ConfigurationClassParser.java:249)
	at org.springframework.context.annotation.ConfigurationClassParser.parse(ConfigurationClassParser.java:206)
	at org.springframework.context.annotation.ConfigurationClassParser.parse(ConfigurationClassParser.java:174)
	at org.springframework.context.annotation.ConfigurationClassPostProcessor.processConfigBeanDefinitions(ConfigurationClassPostProcessor.java:331)
	at org.springframework.context.annotation.ConfigurationClassPostProcessor.postProcessBeanDefinitionRegistry(ConfigurationClassPostProcessor.java:247)
	at org.springframework.context.support.PostProcessorRegistrationDelegate.invokeBeanDefinitionRegistryPostProcessors(PostProcessorRegistrationDelegate.java:311)
	at org.springframework.context.support.PostProcessorRegistrationDelegate.invokeBeanFactoryPostProcessors(PostProcessorRegistrationDelegate.java:112)
	at org.springframework.context.support.AbstractApplicationContext.invokeBeanFactoryPostProcessors(AbstractApplicationContext.java:748)
	at org.springframework.context.support.AbstractApplicationContext.refresh(AbstractApplicationContext.java:564)
	at org.springframework.boot.SpringApplication.refresh(SpringApplication.java:731)
	at org.springframework.boot.SpringApplication.refreshContext(SpringApplication.java:408)
	at org.springframework.boot.SpringApplication.run(SpringApplication.java:307)
	at org.springframework.boot.SpringApplication.run(SpringApplication.java:1303)
	at org.springframework.boot.SpringApplication.run(SpringApplication.java:1292)
	at com.microservices.demo.Main.main(Main.java:30)
Caused by: java.lang.IllegalStateException: Error processing condition on impl.runner.com.microservices.demo.TwitterKafkaStreamRunner
	at org.springframework.boot.autoconfigure.condition.SpringBootCondition.matches(SpringBootCondition.java:60)
	at org.springframework.context.annotation.ConditionEvaluator.shouldSkip(ConditionEvaluator.java:108)
	at org.springframework.context.annotation.ConditionEvaluator.shouldSkip(ConditionEvaluator.java:88)
	at org.springframework.context.annotation.ConditionEvaluator.shouldSkip(ConditionEvaluator.java:71)
	at org.springframework.context.annotation.ClassPathScanningCandidateComponentProvider.isConditionMatch(ClassPathScanningCandidateComponentProvider.java:512)
	at org.springframework.context.annotation.ClassPathScanningCandidateComponentProvider.isCandidateComponent(ClassPathScanningCandidateComponentProvider.java:495)
	at org.springframework.context.annotation.ClassPathScanningCandidateComponentProvider.scanCandidateComponents(ClassPathScanningCandidateComponentProvider.java:430)
	... 19 common frames omitted
Caused by: org.springframework.beans.factory.BeanExpressionException: Expression parsing failed; nested exception is org.springframework.expression.spel.SpelParseException: Expression [${twitter-to-kafka-service.enable-mock-tweets} && not ${twitter-to-kafka-service.enable-v2-tweets}] @1: EL1041E: After parsing a valid expression, there is still more data in the expression: 'lcurly({)'
	at org.springframework.context.expression.StandardBeanExpressionResolver.evaluate(StandardBeanExpressionResolver.java:170)
	at org.springframework.boot.autoconfigure.condition.OnExpressionCondition.evaluateExpression(OnExpressionCondition.java:60)
	at org.springframework.boot.autoconfigure.condition.OnExpressionCondition.getMatchOutcome(OnExpressionCondition.java:48)
	at org.springframework.boot.autoconfigure.condition.SpringBootCondition.matches(SpringBootCondition.java:47)
	... 25 common frames omitted
Caused by: org.springframework.expression.spel.SpelParseException: Expression [${twitter-to-kafka-service.enable-mock-tweets} && not ${twitter-to-kafka-service.enable-v2-tweets}] @1: EL1041E: After parsing a valid expression, there is still more data in the expression: 'lcurly({)'
	at org.springframework.expression.spel.standard.InternalSpelExpressionParser.doParseExpression(InternalSpelExpressionParser.java:144)
	at org.springframework.expression.spel.standard.SpelExpressionParser.doParseExpression(SpelExpressionParser.java:63)
	at org.springframework.expression.spel.standard.SpelExpressionParser.doParseExpression(SpelExpressionParser.java:34)
	at org.springframework.expression.common.TemplateAwareExpressionParser.parseExpressions(TemplateAwareExpressionParser.java:125)
	at org.springframework.expression.common.TemplateAwareExpressionParser.parseTemplate(TemplateAwareExpressionParser.java:66)
	at org.springframework.expression.common.TemplateAwareExpressionParser.parseExpression(TemplateAwareExpressionParser.java:52)
	at org.springframework.context.expression.StandardBeanExpressionResolver.evaluate(StandardBeanExpressionResolver.java:148)
	... 28 common frames omitted
2023-10-24 18:42:03 [main] INFO  com.microservices.demo.Main - Starting Main using Java 17.0.8 on KUBRA-FELEK with PID 18480 (C:\microservices-demo\twitter-kafka-microservice\target\classes started by kfelek in C:\microservices-demo)
2023-10-24 18:42:03 [main] INFO  com.microservices.demo.Main - No active profile set, falling back to 1 default profile: "default"
2023-10-24 18:42:03 [main] WARN  o.s.c.a.AnnotationConfigApplicationContext - Exception encountered during context initialization - cancelling refresh attempt: org.springframework.beans.factory.BeanDefinitionStoreException: Failed to read candidate component class: file [C:\microservices-demo\twitter-kafka-microservice\target\classes\org\example\runner\impl\TwitterKafkaStreamRunner.class]; nested exception is java.lang.IllegalStateException: Error processing condition on impl.runner.com.microservices.demo.TwitterKafkaStreamRunner
2023-10-24 18:42:03 [main] ERROR o.s.boot.SpringApplication - Application run failed
org.springframework.beans.factory.BeanDefinitionStoreException: Failed to read candidate component class: file [C:\microservices-demo\twitter-kafka-microservice\target\classes\org\example\runner\impl\TwitterKafkaStreamRunner.class]; nested exception is java.lang.IllegalStateException: Error processing condition on impl.runner.com.microservices.demo.TwitterKafkaStreamRunner
	at org.springframework.context.annotation.ClassPathScanningCandidateComponentProvider.scanCandidateComponents(ClassPathScanningCandidateComponentProvider.java:457)
	at org.springframework.context.annotation.ClassPathScanningCandidateComponentProvider.findCandidateComponents(ClassPathScanningCandidateComponentProvider.java:316)
	at org.springframework.context.annotation.ClassPathBeanDefinitionScanner.doScan(ClassPathBeanDefinitionScanner.java:276)
	at org.springframework.context.annotation.ComponentScanAnnotationParser.parse(ComponentScanAnnotationParser.java:128)
	at org.springframework.context.annotation.ConfigurationClassParser.doProcessConfigurationClass(ConfigurationClassParser.java:295)
	at org.springframework.context.annotation.ConfigurationClassParser.processConfigurationClass(ConfigurationClassParser.java:249)
	at org.springframework.context.annotation.ConfigurationClassParser.parse(ConfigurationClassParser.java:206)
	at org.springframework.context.annotation.ConfigurationClassParser.parse(ConfigurationClassParser.java:174)
	at org.springframework.context.annotation.ConfigurationClassPostProcessor.processConfigBeanDefinitions(ConfigurationClassPostProcessor.java:331)
	at org.springframework.context.annotation.ConfigurationClassPostProcessor.postProcessBeanDefinitionRegistry(ConfigurationClassPostProcessor.java:247)
	at org.springframework.context.support.PostProcessorRegistrationDelegate.invokeBeanDefinitionRegistryPostProcessors(PostProcessorRegistrationDelegate.java:311)
	at org.springframework.context.support.PostProcessorRegistrationDelegate.invokeBeanFactoryPostProcessors(PostProcessorRegistrationDelegate.java:112)
	at org.springframework.context.support.AbstractApplicationContext.invokeBeanFactoryPostProcessors(AbstractApplicationContext.java:748)
	at org.springframework.context.support.AbstractApplicationContext.refresh(AbstractApplicationContext.java:564)
	at org.springframework.boot.SpringApplication.refresh(SpringApplication.java:731)
	at org.springframework.boot.SpringApplication.refreshContext(SpringApplication.java:408)
	at org.springframework.boot.SpringApplication.run(SpringApplication.java:307)
	at org.springframework.boot.SpringApplication.run(SpringApplication.java:1303)
	at org.springframework.boot.SpringApplication.run(SpringApplication.java:1292)
	at com.microservices.demo.Main.main(Main.java:30)
Caused by: java.lang.IllegalStateException: Error processing condition on impl.runner.com.microservices.demo.TwitterKafkaStreamRunner
	at org.springframework.boot.autoconfigure.condition.SpringBootCondition.matches(SpringBootCondition.java:60)
	at org.springframework.context.annotation.ConditionEvaluator.shouldSkip(ConditionEvaluator.java:108)
	at org.springframework.context.annotation.ConditionEvaluator.shouldSkip(ConditionEvaluator.java:88)
	at org.springframework.context.annotation.ConditionEvaluator.shouldSkip(ConditionEvaluator.java:71)
	at org.springframework.context.annotation.ClassPathScanningCandidateComponentProvider.isConditionMatch(ClassPathScanningCandidateComponentProvider.java:512)
	at org.springframework.context.annotation.ClassPathScanningCandidateComponentProvider.isCandidateComponent(ClassPathScanningCandidateComponentProvider.java:495)
	at org.springframework.context.annotation.ClassPathScanningCandidateComponentProvider.scanCandidateComponents(ClassPathScanningCandidateComponentProvider.java:430)
	... 19 common frames omitted
Caused by: org.springframework.beans.factory.BeanExpressionException: Expression parsing failed; nested exception is org.springframework.expression.spel.SpelParseException: Expression [${twitter-to-kafka-service.enable-mock-tweets} && not ${twitter-to-kafka-service.enable-v2-tweets}] @1: EL1041E: After parsing a valid expression, there is still more data in the expression: 'lcurly({)'
	at org.springframework.context.expression.StandardBeanExpressionResolver.evaluate(StandardBeanExpressionResolver.java:170)
	at org.springframework.boot.autoconfigure.condition.OnExpressionCondition.evaluateExpression(OnExpressionCondition.java:60)
	at org.springframework.boot.autoconfigure.condition.OnExpressionCondition.getMatchOutcome(OnExpressionCondition.java:48)
	at org.springframework.boot.autoconfigure.condition.SpringBootCondition.matches(SpringBootCondition.java:47)
	... 25 common frames omitted
Caused by: org.springframework.expression.spel.SpelParseException: Expression [${twitter-to-kafka-service.enable-mock-tweets} && not ${twitter-to-kafka-service.enable-v2-tweets}] @1: EL1041E: After parsing a valid expression, there is still more data in the expression: 'lcurly({)'
	at org.springframework.expression.spel.standard.InternalSpelExpressionParser.doParseExpression(InternalSpelExpressionParser.java:144)
	at org.springframework.expression.spel.standard.SpelExpressionParser.doParseExpression(SpelExpressionParser.java:63)
	at org.springframework.expression.spel.standard.SpelExpressionParser.doParseExpression(SpelExpressionParser.java:34)
	at org.springframework.expression.common.TemplateAwareExpressionParser.parseExpressions(TemplateAwareExpressionParser.java:125)
	at org.springframework.expression.common.TemplateAwareExpressionParser.parseTemplate(TemplateAwareExpressionParser.java:66)
	at org.springframework.expression.common.TemplateAwareExpressionParser.parseExpression(TemplateAwareExpressionParser.java:52)
	at org.springframework.context.expression.StandardBeanExpressionResolver.evaluate(StandardBeanExpressionResolver.java:148)
	... 28 common frames omitted
2023-10-24 18:44:13 [main] INFO  com.microservices.demo.Main - Starting Main using Java 17.0.8 on KUBRA-FELEK with PID 26648 (C:\microservices-demo\twitter-kafka-microservice\target\classes started by kfelek in C:\microservices-demo)
2023-10-24 18:44:13 [main] INFO  com.microservices.demo.Main - No active profile set, falling back to 1 default profile: "default"
2023-10-24 18:44:13 [main] WARN  o.s.c.a.AnnotationConfigApplicationContext - Exception encountered during context initialization - cancelling refresh attempt: org.springframework.beans.factory.BeanDefinitionStoreException: Failed to read candidate component class: file [C:\microservices-demo\twitter-kafka-microservice\target\classes\org\example\runner\impl\TwitterKafkaStreamRunner.class]; nested exception is java.lang.IllegalStateException: Error processing condition on impl.runner.com.microservices.demo.TwitterKafkaStreamRunner
2023-10-24 18:44:13 [main] ERROR o.s.boot.SpringApplication - Application run failed
org.springframework.beans.factory.BeanDefinitionStoreException: Failed to read candidate component class: file [C:\microservices-demo\twitter-kafka-microservice\target\classes\org\example\runner\impl\TwitterKafkaStreamRunner.class]; nested exception is java.lang.IllegalStateException: Error processing condition on impl.runner.com.microservices.demo.TwitterKafkaStreamRunner
	at org.springframework.context.annotation.ClassPathScanningCandidateComponentProvider.scanCandidateComponents(ClassPathScanningCandidateComponentProvider.java:457)
	at org.springframework.context.annotation.ClassPathScanningCandidateComponentProvider.findCandidateComponents(ClassPathScanningCandidateComponentProvider.java:316)
	at org.springframework.context.annotation.ClassPathBeanDefinitionScanner.doScan(ClassPathBeanDefinitionScanner.java:276)
	at org.springframework.context.annotation.ComponentScanAnnotationParser.parse(ComponentScanAnnotationParser.java:128)
	at org.springframework.context.annotation.ConfigurationClassParser.doProcessConfigurationClass(ConfigurationClassParser.java:295)
	at org.springframework.context.annotation.ConfigurationClassParser.processConfigurationClass(ConfigurationClassParser.java:249)
	at org.springframework.context.annotation.ConfigurationClassParser.parse(ConfigurationClassParser.java:206)
	at org.springframework.context.annotation.ConfigurationClassParser.parse(ConfigurationClassParser.java:174)
	at org.springframework.context.annotation.ConfigurationClassPostProcessor.processConfigBeanDefinitions(ConfigurationClassPostProcessor.java:331)
	at org.springframework.context.annotation.ConfigurationClassPostProcessor.postProcessBeanDefinitionRegistry(ConfigurationClassPostProcessor.java:247)
	at org.springframework.context.support.PostProcessorRegistrationDelegate.invokeBeanDefinitionRegistryPostProcessors(PostProcessorRegistrationDelegate.java:311)
	at org.springframework.context.support.PostProcessorRegistrationDelegate.invokeBeanFactoryPostProcessors(PostProcessorRegistrationDelegate.java:112)
	at org.springframework.context.support.AbstractApplicationContext.invokeBeanFactoryPostProcessors(AbstractApplicationContext.java:748)
	at org.springframework.context.support.AbstractApplicationContext.refresh(AbstractApplicationContext.java:564)
	at org.springframework.boot.SpringApplication.refresh(SpringApplication.java:731)
	at org.springframework.boot.SpringApplication.refreshContext(SpringApplication.java:408)
	at org.springframework.boot.SpringApplication.run(SpringApplication.java:307)
	at org.springframework.boot.SpringApplication.run(SpringApplication.java:1303)
	at org.springframework.boot.SpringApplication.run(SpringApplication.java:1292)
	at com.microservices.demo.Main.main(Main.java:30)
Caused by: java.lang.IllegalStateException: Error processing condition on impl.runner.com.microservices.demo.TwitterKafkaStreamRunner
	at org.springframework.boot.autoconfigure.condition.SpringBootCondition.matches(SpringBootCondition.java:60)
	at org.springframework.context.annotation.ConditionEvaluator.shouldSkip(ConditionEvaluator.java:108)
	at org.springframework.context.annotation.ConditionEvaluator.shouldSkip(ConditionEvaluator.java:88)
	at org.springframework.context.annotation.ConditionEvaluator.shouldSkip(ConditionEvaluator.java:71)
	at org.springframework.context.annotation.ClassPathScanningCandidateComponentProvider.isConditionMatch(ClassPathScanningCandidateComponentProvider.java:512)
	at org.springframework.context.annotation.ClassPathScanningCandidateComponentProvider.isCandidateComponent(ClassPathScanningCandidateComponentProvider.java:495)
	at org.springframework.context.annotation.ClassPathScanningCandidateComponentProvider.scanCandidateComponents(ClassPathScanningCandidateComponentProvider.java:430)
	... 19 common frames omitted
Caused by: org.springframework.beans.factory.BeanExpressionException: Expression parsing failed; nested exception is org.springframework.expression.spel.SpelParseException: Expression [${twitter-to-kafka-service.enable-mock-tweets} && not ${twitter-to-kafka-service.enable-v2-tweets}] @1: EL1041E: After parsing a valid expression, there is still more data in the expression: 'lcurly({)'
	at org.springframework.context.expression.StandardBeanExpressionResolver.evaluate(StandardBeanExpressionResolver.java:170)
	at org.springframework.boot.autoconfigure.condition.OnExpressionCondition.evaluateExpression(OnExpressionCondition.java:60)
	at org.springframework.boot.autoconfigure.condition.OnExpressionCondition.getMatchOutcome(OnExpressionCondition.java:48)
	at org.springframework.boot.autoconfigure.condition.SpringBootCondition.matches(SpringBootCondition.java:47)
	... 25 common frames omitted
Caused by: org.springframework.expression.spel.SpelParseException: Expression [${twitter-to-kafka-service.enable-mock-tweets} && not ${twitter-to-kafka-service.enable-v2-tweets}] @1: EL1041E: After parsing a valid expression, there is still more data in the expression: 'lcurly({)'
	at org.springframework.expression.spel.standard.InternalSpelExpressionParser.doParseExpression(InternalSpelExpressionParser.java:144)
	at org.springframework.expression.spel.standard.SpelExpressionParser.doParseExpression(SpelExpressionParser.java:63)
	at org.springframework.expression.spel.standard.SpelExpressionParser.doParseExpression(SpelExpressionParser.java:34)
	at org.springframework.expression.common.TemplateAwareExpressionParser.parseExpressions(TemplateAwareExpressionParser.java:125)
	at org.springframework.expression.common.TemplateAwareExpressionParser.parseTemplate(TemplateAwareExpressionParser.java:66)
	at org.springframework.expression.common.TemplateAwareExpressionParser.parseExpression(TemplateAwareExpressionParser.java:52)
	at org.springframework.context.expression.StandardBeanExpressionResolver.evaluate(StandardBeanExpressionResolver.java:148)
	... 28 common frames omitted
2023-10-24 18:45:00 [main] INFO  com.microservices.demo.Main - Starting Main using Java 17.0.8 on KUBRA-FELEK with PID 13432 (C:\microservices-demo\twitter-kafka-microservice\target\classes started by kfelek in C:\microservices-demo)
2023-10-24 18:45:00 [main] INFO  com.microservices.demo.Main - No active profile set, falling back to 1 default profile: "default"
2023-10-24 18:45:00 [main] WARN  o.s.c.a.AnnotationConfigApplicationContext - Exception encountered during context initialization - cancelling refresh attempt: org.springframework.beans.factory.BeanDefinitionStoreException: Failed to read candidate component class: file [C:\microservices-demo\twitter-kafka-microservice\target\classes\org\example\runner\impl\TwitterKafkaStreamRunner.class]; nested exception is java.lang.IllegalStateException: Error processing condition on impl.runner.com.microservices.demo.TwitterKafkaStreamRunner
2023-10-24 18:45:00 [main] ERROR o.s.boot.SpringApplication - Application run failed
org.springframework.beans.factory.BeanDefinitionStoreException: Failed to read candidate component class: file [C:\microservices-demo\twitter-kafka-microservice\target\classes\org\example\runner\impl\TwitterKafkaStreamRunner.class]; nested exception is java.lang.IllegalStateException: Error processing condition on impl.runner.com.microservices.demo.TwitterKafkaStreamRunner
	at org.springframework.context.annotation.ClassPathScanningCandidateComponentProvider.scanCandidateComponents(ClassPathScanningCandidateComponentProvider.java:457)
	at org.springframework.context.annotation.ClassPathScanningCandidateComponentProvider.findCandidateComponents(ClassPathScanningCandidateComponentProvider.java:316)
	at org.springframework.context.annotation.ClassPathBeanDefinitionScanner.doScan(ClassPathBeanDefinitionScanner.java:276)
	at org.springframework.context.annotation.ComponentScanAnnotationParser.parse(ComponentScanAnnotationParser.java:128)
	at org.springframework.context.annotation.ConfigurationClassParser.doProcessConfigurationClass(ConfigurationClassParser.java:295)
	at org.springframework.context.annotation.ConfigurationClassParser.processConfigurationClass(ConfigurationClassParser.java:249)
	at org.springframework.context.annotation.ConfigurationClassParser.parse(ConfigurationClassParser.java:206)
	at org.springframework.context.annotation.ConfigurationClassParser.parse(ConfigurationClassParser.java:174)
	at org.springframework.context.annotation.ConfigurationClassPostProcessor.processConfigBeanDefinitions(ConfigurationClassPostProcessor.java:331)
	at org.springframework.context.annotation.ConfigurationClassPostProcessor.postProcessBeanDefinitionRegistry(ConfigurationClassPostProcessor.java:247)
	at org.springframework.context.support.PostProcessorRegistrationDelegate.invokeBeanDefinitionRegistryPostProcessors(PostProcessorRegistrationDelegate.java:311)
	at org.springframework.context.support.PostProcessorRegistrationDelegate.invokeBeanFactoryPostProcessors(PostProcessorRegistrationDelegate.java:112)
	at org.springframework.context.support.AbstractApplicationContext.invokeBeanFactoryPostProcessors(AbstractApplicationContext.java:748)
	at org.springframework.context.support.AbstractApplicationContext.refresh(AbstractApplicationContext.java:564)
	at org.springframework.boot.SpringApplication.refresh(SpringApplication.java:731)
	at org.springframework.boot.SpringApplication.refreshContext(SpringApplication.java:408)
	at org.springframework.boot.SpringApplication.run(SpringApplication.java:307)
	at org.springframework.boot.SpringApplication.run(SpringApplication.java:1303)
	at org.springframework.boot.SpringApplication.run(SpringApplication.java:1292)
	at com.microservices.demo.Main.main(Main.java:30)
Caused by: java.lang.IllegalStateException: Error processing condition on impl.runner.com.microservices.demo.TwitterKafkaStreamRunner
	at org.springframework.boot.autoconfigure.condition.SpringBootCondition.matches(SpringBootCondition.java:60)
	at org.springframework.context.annotation.ConditionEvaluator.shouldSkip(ConditionEvaluator.java:108)
	at org.springframework.context.annotation.ConditionEvaluator.shouldSkip(ConditionEvaluator.java:88)
	at org.springframework.context.annotation.ConditionEvaluator.shouldSkip(ConditionEvaluator.java:71)
	at org.springframework.context.annotation.ClassPathScanningCandidateComponentProvider.isConditionMatch(ClassPathScanningCandidateComponentProvider.java:512)
	at org.springframework.context.annotation.ClassPathScanningCandidateComponentProvider.isCandidateComponent(ClassPathScanningCandidateComponentProvider.java:495)
	at org.springframework.context.annotation.ClassPathScanningCandidateComponentProvider.scanCandidateComponents(ClassPathScanningCandidateComponentProvider.java:430)
	... 19 common frames omitted
Caused by: org.springframework.beans.factory.BeanExpressionException: Expression parsing failed; nested exception is org.springframework.expression.spel.SpelParseException: Expression [${twitter-to-kafka-service.enable-mock-tweets} && not ${twitter-to-kafka-service.enable-v2-tweets}] @1: EL1041E: After parsing a valid expression, there is still more data in the expression: 'lcurly({)'
	at org.springframework.context.expression.StandardBeanExpressionResolver.evaluate(StandardBeanExpressionResolver.java:170)
	at org.springframework.boot.autoconfigure.condition.OnExpressionCondition.evaluateExpression(OnExpressionCondition.java:60)
	at org.springframework.boot.autoconfigure.condition.OnExpressionCondition.getMatchOutcome(OnExpressionCondition.java:48)
	at org.springframework.boot.autoconfigure.condition.SpringBootCondition.matches(SpringBootCondition.java:47)
	... 25 common frames omitted
Caused by: org.springframework.expression.spel.SpelParseException: Expression [${twitter-to-kafka-service.enable-mock-tweets} && not ${twitter-to-kafka-service.enable-v2-tweets}] @1: EL1041E: After parsing a valid expression, there is still more data in the expression: 'lcurly({)'
	at org.springframework.expression.spel.standard.InternalSpelExpressionParser.doParseExpression(InternalSpelExpressionParser.java:144)
	at org.springframework.expression.spel.standard.SpelExpressionParser.doParseExpression(SpelExpressionParser.java:63)
	at org.springframework.expression.spel.standard.SpelExpressionParser.doParseExpression(SpelExpressionParser.java:34)
	at org.springframework.expression.common.TemplateAwareExpressionParser.parseExpressions(TemplateAwareExpressionParser.java:125)
	at org.springframework.expression.common.TemplateAwareExpressionParser.parseTemplate(TemplateAwareExpressionParser.java:66)
	at org.springframework.expression.common.TemplateAwareExpressionParser.parseExpression(TemplateAwareExpressionParser.java:52)
	at org.springframework.context.expression.StandardBeanExpressionResolver.evaluate(StandardBeanExpressionResolver.java:148)
	... 28 common frames omitted
2023-10-24 18:46:54 [main] INFO  com.microservices.demo.Main - Starting Main using Java 17.0.8 on KUBRA-FELEK with PID 14916 (C:\microservices-demo\twitter-kafka-microservice\target\classes started by kfelek in C:\microservices-demo)
2023-10-24 18:46:54 [main] INFO  com.microservices.demo.Main - No active profile set, falling back to 1 default profile: "default"
2023-10-24 18:46:54 [main] WARN  o.s.c.a.AnnotationConfigApplicationContext - Exception encountered during context initialization - cancelling refresh attempt: org.springframework.beans.factory.UnsatisfiedDependencyException: Error creating bean with name 'main': Unsatisfied dependency expressed through constructor parameter 1; nested exception is org.springframework.beans.factory.NoSuchBeanDefinitionException: No qualifying bean of type 'runner.com.microservices.demo.StreamRunner' available: expected at least 1 bean which qualifies as autowire candidate. Dependency annotations: {}
2023-10-24 18:46:54 [main] INFO  o.s.b.a.l.ConditionEvaluationReportLoggingListener - 

Error starting ApplicationContext. To display the conditions report re-run your application with 'debug' enabled.
2023-10-24 18:46:54 [main] ERROR o.s.b.d.LoggingFailureAnalysisReporter - 

***************************
APPLICATION FAILED TO START
***************************

Description:

Parameter 1 of constructor in com.microservices.demo.Main required a bean of type 'runner.com.microservices.demo.StreamRunner' that could not be found.


Action:

Consider defining a bean of type 'runner.com.microservices.demo.StreamRunner' in your configuration.

2023-10-24 18:47:51 [main] INFO  com.microservices.demo.Main - Starting Main using Java 17.0.8 on KUBRA-FELEK with PID 33592 (C:\microservices-demo\twitter-kafka-microservice\target\classes started by kfelek in C:\microservices-demo)
2023-10-24 18:47:51 [main] INFO  com.microservices.demo.Main - No active profile set, falling back to 1 default profile: "default"
2023-10-24 18:47:51 [main] WARN  o.s.c.a.AnnotationConfigApplicationContext - Exception encountered during context initialization - cancelling refresh attempt: org.springframework.beans.factory.UnsatisfiedDependencyException: Error creating bean with name 'main': Unsatisfied dependency expressed through constructor parameter 1; nested exception is org.springframework.beans.factory.NoSuchBeanDefinitionException: No qualifying bean of type 'runner.com.microservices.demo.StreamRunner' available: expected at least 1 bean which qualifies as autowire candidate. Dependency annotations: {}
2023-10-24 18:47:51 [main] INFO  o.s.b.a.l.ConditionEvaluationReportLoggingListener - 

Error starting ApplicationContext. To display the conditions report re-run your application with 'debug' enabled.
2023-10-24 18:47:51 [main] ERROR o.s.b.d.LoggingFailureAnalysisReporter - 

***************************
APPLICATION FAILED TO START
***************************

Description:

Parameter 1 of constructor in com.microservices.demo.Main required a bean of type 'runner.com.microservices.demo.StreamRunner' that could not be found.


Action:

Consider defining a bean of type 'runner.com.microservices.demo.StreamRunner' in your configuration.

2023-10-24 18:48:16 [main] INFO  com.microservices.demo.Main - Starting Main using Java 17.0.8 on KUBRA-FELEK with PID 26272 (C:\microservices-demo\twitter-kafka-microservice\target\classes started by kfelek in C:\microservices-demo)
2023-10-24 18:48:16 [main] INFO  com.microservices.demo.Main - No active profile set, falling back to 1 default profile: "default"
2023-10-24 18:48:16 [main] WARN  o.s.c.a.AnnotationConfigApplicationContext - Exception encountered during context initialization - cancelling refresh attempt: org.springframework.beans.factory.UnsatisfiedDependencyException: Error creating bean with name 'main': Unsatisfied dependency expressed through constructor parameter 1; nested exception is org.springframework.beans.factory.NoSuchBeanDefinitionException: No qualifying bean of type 'runner.com.microservices.demo.StreamRunner' available: expected at least 1 bean which qualifies as autowire candidate. Dependency annotations: {}
2023-10-24 18:48:16 [main] INFO  o.s.b.a.l.ConditionEvaluationReportLoggingListener - 

Error starting ApplicationContext. To display the conditions report re-run your application with 'debug' enabled.
2023-10-24 18:48:16 [main] ERROR o.s.b.d.LoggingFailureAnalysisReporter - 

***************************
APPLICATION FAILED TO START
***************************

Description:

Parameter 1 of constructor in com.microservices.demo.Main required a bean of type 'runner.com.microservices.demo.StreamRunner' that could not be found.


Action:

Consider defining a bean of type 'runner.com.microservices.demo.StreamRunner' in your configuration.

2023-10-24 18:54:46 [main] INFO  com.microservices.demo.Main - Starting Main using Java 17.0.8 on KUBRA-FELEK with PID 2488 (C:\microservices-demo\twitter-kafka-microservice\target\classes started by kfelek in C:\microservices-demo)
2023-10-24 18:54:46 [main] INFO  com.microservices.demo.Main - No active profile set, falling back to 1 default profile: "default"
2023-10-24 18:54:47 [main] INFO  com.microservices.demo.Main - Started Main in 0.877 seconds (JVM running for 1.472)
2023-10-24 18:54:47 [main] INFO  c.m.d.c.TwitterToKafkaServiceConfigData - ***********App Start************
2023-10-24 18:54:47 [main] INFO  c.m.d.c.TwitterToKafkaServiceConfigData - [Java, Microservices, Spring, Kafka, Elastic]
2023-10-24 18:54:47 [main] INFO  c.m.d.c.TwitterToKafkaServiceConfigData - Hello Kafka Microservices
2023-10-24 18:54:47 [main] INFO  c.m.d.r.i.TwitterV2KafkaStreamRunner - Created filter for twitter stream for keywords: [Java, Microservices, Spring, Kafka, Elastic]
2023-10-24 18:54:47 [main] INFO  c.m.d.r.impl.TwitterV2StreamHelper - Created rules for twitter stream Java
2023-10-24 18:54:48 [main] INFO  o.s.b.a.l.ConditionEvaluationReportLoggingListener - 

Error starting ApplicationContext. To display the conditions report re-run your application with 'debug' enabled.
2023-10-24 18:54:48 [main] ERROR o.s.boot.SpringApplication - Application run failed
java.lang.IllegalStateException: Failed to execute CommandLineRunner
	at org.springframework.boot.SpringApplication.callRunner(SpringApplication.java:771)
	at org.springframework.boot.SpringApplication.callRunners(SpringApplication.java:752)
	at org.springframework.boot.SpringApplication.run(SpringApplication.java:314)
	at org.springframework.boot.SpringApplication.run(SpringApplication.java:1303)
	at org.springframework.boot.SpringApplication.run(SpringApplication.java:1292)
	at com.microservices.demo.Main.main(Main.java:30)
Caused by: org.json.JSONException: A JSONObject text must begin with '{' at 3 [character 4 line 1]
	at org.json.JSONTokener.syntaxError(JSONTokener.java:521)
	at org.json.JSONObject.<init>(JSONObject.java:225)
	at org.json.JSONObject.<init>(JSONObject.java:421)
	at com.microservices.demo.runner.impl.TwitterV2StreamHelper.getFormattedTweet(TwitterV2StreamHelper.java:222)
	at com.microservices.demo.runner.impl.TwitterV2StreamHelper.connectStream(TwitterV2StreamHelper.java:87)
	at com.microservices.demo.runner.impl.TwitterV2KafkaStreamRunner.start(TwitterV2KafkaStreamRunner.java:39)
	at com.microservices.demo.Main.run(Main.java:38)
	at org.springframework.boot.SpringApplication.callRunner(SpringApplication.java:768)
	... 5 common frames omitted
2023-10-24 19:19:02 [main] INFO  com.microservices.demo.Main - Starting Main using Java 17.0.8 on KUBRA-FELEK with PID 32584 (C:\microservices-demo\twitter-kafka-microservice\target\classes started by kfelek in C:\microservices-demo)
2023-10-24 19:19:02 [main] INFO  com.microservices.demo.Main - No active profile set, falling back to 1 default profile: "default"
2023-10-24 19:19:02 [main] INFO  com.microservices.demo.Main - Started Main in 0.72 seconds (JVM running for 1.283)
2023-10-24 19:19:02 [main] INFO  c.m.d.c.TwitterToKafkaServiceConfigData - ***********App Start************
2023-10-24 19:19:02 [main] INFO  c.m.d.c.TwitterToKafkaServiceConfigData - [Java, Microservices, Spring, Kafka, Elastic]
2023-10-24 19:19:02 [main] INFO  c.m.d.c.TwitterToKafkaServiceConfigData - Hello Kafka Microservices
2023-10-24 19:19:02 [main] INFO  c.m.d.r.i.TwitterV2KafkaStreamRunner - Created filter for twitter stream for keywords: [Java, Microservices, Spring, Kafka, Elastic]
2023-10-24 19:19:03 [main] INFO  c.m.d.r.impl.TwitterV2StreamHelper - Created rules for twitter stream Java
2023-10-24 19:19:03 [main] INFO  o.s.b.a.l.ConditionEvaluationReportLoggingListener - 

Error starting ApplicationContext. To display the conditions report re-run your application with 'debug' enabled.
2023-10-24 19:19:03 [main] ERROR o.s.boot.SpringApplication - Application run failed
java.lang.IllegalStateException: Failed to execute CommandLineRunner
	at org.springframework.boot.SpringApplication.callRunner(SpringApplication.java:771)
	at org.springframework.boot.SpringApplication.callRunners(SpringApplication.java:752)
	at org.springframework.boot.SpringApplication.run(SpringApplication.java:314)
	at org.springframework.boot.SpringApplication.run(SpringApplication.java:1303)
	at org.springframework.boot.SpringApplication.run(SpringApplication.java:1292)
	at com.microservices.demo.Main.main(Main.java:30)
Caused by: org.json.JSONException: A JSONObject text must begin with '{' at 3 [character 4 line 1]
	at org.json.JSONTokener.syntaxError(JSONTokener.java:521)
	at org.json.JSONObject.<init>(JSONObject.java:225)
	at org.json.JSONObject.<init>(JSONObject.java:421)
	at com.microservices.demo.runner.impl.TwitterV2StreamHelper.getFormattedTweet(TwitterV2StreamHelper.java:222)
	at com.microservices.demo.runner.impl.TwitterV2StreamHelper.connectStream(TwitterV2StreamHelper.java:87)
	at com.microservices.demo.runner.impl.TwitterV2KafkaStreamRunner.start(TwitterV2KafkaStreamRunner.java:39)
	at com.microservices.demo.Main.run(Main.java:38)
	at org.springframework.boot.SpringApplication.callRunner(SpringApplication.java:768)
	... 5 common frames omitted
